Info: Generated by version: 20.1 build 177
Info: Starting: Create simulation model
Info: qsys-generate /home/noo8/Downloads/reconfig/fpga/fifo/fifo.ip --simulation=VERILOG --allow-mixed-language-simulation --output-directory=/home/noo8/Downloads/reconfig/fpga/fifo/fifo --family="Arria 10" --part=10AX115H1F34I1SG
: fifo.fifo_0: Targeting device family: Arria 10.
: fifo.fifo_0: Tab: 'DCFIFO 1' is unavailable while using Single-Clock FIFO.
: fifo.fifo_0: Tab: 'DCFIFO 2' is unavailable while using Single-Clock FIFO.
Info: fifo: "Transforming system: fifo"
Info: fifo: "Naming system components in system: fifo"
Info: fifo: "Processing generation queue"
Info: fifo: "Generating: fifo"
Info: fifo: "Generating: fifo_fifo_1910_kp32l7y"
Info: fifo: Done "fifo" with 2 modules, 2 files
Info: Generating the following file(s) for MODELSIM simulator in /home/noo8/Downloads/reconfig/fpga/fifo/fifo/sim/ directory:
Info: 	common/modelsim_files.tcl
Info: Generating the following file(s) for VCSMX simulator in /home/noo8/Downloads/reconfig/fpga/fifo/fifo/sim/ directory:
Info: 	common/vcsmx_files.tcl
Info: Generating the following file(s) for VCS simulator in /home/noo8/Downloads/reconfig/fpga/fifo/fifo/sim/ directory:
Info: 	common/vcs_files.tcl
Info: Generating the following file(s) for RIVIERA simulator in /home/noo8/Downloads/reconfig/fpga/fifo/fifo/sim/ directory:
Info: 	common/riviera_files.tcl
Info: Generating the following file(s) for NCSIM simulator in /home/noo8/Downloads/reconfig/fpga/fifo/fifo/sim/ directory:
Info: 	common/ncsim_files.tcl
Info: Generating the following file(s) for XCELIUM simulator in /home/noo8/Downloads/reconfig/fpga/fifo/fifo/sim/ directory:
Info: 	common/xcelium_files.tcl
Info: For information on how to simulate your IP, see the explanatory comments in the simulator-specific subdirectories under /home/noo8/Downloads/reconfig/fpga/fifo/fifo/sim/.
Info: Regenerate these scripts whenever you make any change to any Quartus-generated IP in your project.
Info: qsys-generate succeeded.
Info: Finished: Create simulation model
Info: Starting: Create Modelsim Project.
Info: sim-script-gen --system-file=/home/noo8/Downloads/reconfig/fpga/fifo/fifo.ip --output-directory=/home/noo8/Downloads/reconfig/fpga/fifo/fifo/sim/ --use-relative-paths=true
Info: Generating the following file(s) for MODELSIM simulator in /home/noo8/Downloads/reconfig/fpga/fifo/fifo/sim/ directory:
Info: 	mentor/msim_setup.tcl
Info: Generating the following file(s) for VCSMX simulator in /home/noo8/Downloads/reconfig/fpga/fifo/fifo/sim/ directory:
Info: 	synopsys/vcsmx/synopsys_sim.setup
Info: 	synopsys/vcsmx/vcsmx_setup.sh
Info: Generating the following file(s) for VCS simulator in /home/noo8/Downloads/reconfig/fpga/fifo/fifo/sim/ directory:
Info: 	synopsys/vcs/vcs_setup.sh
Info: Generating the following file(s) for RIVIERA simulator in /home/noo8/Downloads/reconfig/fpga/fifo/fifo/sim/ directory:
Info: 	aldec/rivierapro_setup.tcl
Info: Generating the following file(s) for NCSIM simulator in /home/noo8/Downloads/reconfig/fpga/fifo/fifo/sim/ directory:
Info: 	cadence/cds.lib
Info: 	cadence/hdl.var
Info: 	cadence/ncsim_setup.sh
Info: 	2 .cds.lib files in cadence/cds_libs/ directory
Info: Generating the following file(s) for XCELIUM simulator in /home/noo8/Downloads/reconfig/fpga/fifo/fifo/sim/ directory:
Info: 	xcelium/cds.lib
Info: 	xcelium/hdl.var
Info: 	xcelium/xcelium_setup.sh
Info: 	2 .cds.lib files in xcelium/cds_libs/ directory
Info: For information on how to simulate your IP, see the explanatory comments in the simulator-specific subdirectories under /home/noo8/Downloads/reconfig/fpga/fifo/fifo/sim/.
Info: Regenerate these scripts whenever you make any change to any Quartus-generated IP in your project.
Info: Finished: Create Modelsim Project.
Info: Starting: Create block symbol file (.bsf)
Info: qsys-generate /home/noo8/Downloads/reconfig/fpga/fifo/fifo.ip --block-symbol-file --output-directory=/home/noo8/Downloads/reconfig/fpga/fifo/fifo --family="Arria 10" --part=10AX115H1F34I1SG
: fifo.fifo_0: Targeting device family: Arria 10.
: fifo.fifo_0: Tab: 'DCFIFO 1' is unavailable while using Single-Clock FIFO.
: fifo.fifo_0: Tab: 'DCFIFO 2' is unavailable while using Single-Clock FIFO.
Info: qsys-generate succeeded.
Info: Finished: Create block symbol file (.bsf)
Info: 
Info: Starting: Create HDL design files for synthesis
Info: qsys-generate /home/noo8/Downloads/reconfig/fpga/fifo/fifo.ip --synthesis=VERILOG --output-directory=/home/noo8/Downloads/reconfig/fpga/fifo/fifo --family="Arria 10" --part=10AX115H1F34I1SG
: fifo.fifo_0: Targeting device family: Arria 10.
: fifo.fifo_0: Tab: 'DCFIFO 1' is unavailable while using Single-Clock FIFO.
: fifo.fifo_0: Tab: 'DCFIFO 2' is unavailable while using Single-Clock FIFO.
Info: fifo: "Transforming system: fifo"
Info: fifo: "Naming system components in system: fifo"
Info: fifo: "Processing generation queue"
Info: fifo: "Generating: fifo"
Info: fifo: "Generating: fifo_fifo_1910_kp32l7y"
Info: fifo: Done "fifo" with 2 modules, 2 files
Info: qsys-generate succeeded.
Info: Finished: Create HDL design files for synthesis
Info: Starting: Generate IP Core Documentation
Info: No documentation filesets were found for components in fifo. No files generated.
Info: Finished: Generate IP Core Documentation
